[2026-02-01 05:27:04] [溢价告警] 钢铁LOF(168203) 溢价率: 12.78% (阈值: 10.0%)
[2026-02-01 05:29:34] [溢价告警] 国富恒利债券LOF(164509) 溢价率: 10.42% (阈值: 10.0%)
[2026-02-01 05:30:51] [溢价告警] 石油LOF(162719) 溢价率: 32.57% (阈值: 10.0%)
[2026-02-01 05:31:26] [溢价告警] 金鹰元盛债券LOF(162108) 溢价率: 10.10% (阈值: 10.0%)
[2026-02-01 05:33:01] [溢价告警] 国投资源LOF(161217) 溢价率: 10.48% (阈值: 10.0%)
[2026-02-01 05:33:14] [溢价告警] 原油LOF易方达(161129) 溢价率: 13.14% (阈值: 10.0%)
[2026-02-01 05:36:28] [溢价告警] 石油基金LOF(160416) 溢价率: 32.84% (阈值: 10.0%)
[2026-02-01 05:38:37] [溢价告警] 行业轮动FOF(501220) 溢价率: 15.45% (阈值: 10.0%)
[2026-02-01 05:42:21] [溢价告警] 南方原油LOF(501018) 溢价率: 26.14% (阈值: 10.0%)
[2026-02-01 06:09:41] [溢价告警] 钢铁LOF(168203) 溢价率: 12.78% (阈值: 10.0%)
[2026-02-01 06:11:11] [溢价告警] 国富恒利债券LOF(164509) 溢价率: 10.42% (阈值: 10.0%)
[2026-02-01 06:12:03] [溢价告警] 石油LOF(162719) 溢价率: 32.57% (阈值: 10.0%)
[2026-02-01 06:12:31] [溢价告警] 金鹰元盛债券LOF(162108) 溢价率: 10.10% (阈值: 10.0%)
[2026-02-01 06:13:32] [溢价告警] 国投资源LOF(161217) 溢价率: 10.48% (阈值: 10.0%)
[2026-02-01 06:13:39] [溢价告警] 原油LOF易方达(161129) 溢价率: 13.14% (阈值: 10.0%)
[2026-02-01 06:16:43] [溢价告警] 石油基金LOF(160416) 溢价率: 32.84% (阈值: 10.0%)
[2026-02-01 06:18:55] [溢价告警] 行业轮动FOF(501220) 溢价率: 15.45% (阈值: 10.0%)
[2026-02-01 06:21:28] [溢价告警] 南方原油LOF(501018) 溢价率: 26.14% (阈值: 10.0%)
[2026-02-01 06:48:17] [溢价告警] 钢铁LOF(168203) 溢价率: 12.78% (阈值: 10.0%)
[2026-02-01 06:49:49] [溢价告警] 国富恒利债券LOF(164509) 溢价率: 10.42% (阈值: 10.0%)
[2026-02-01 06:50:39] [溢价告警] 石油LOF(162719) 溢价率: 32.57% (阈值: 10.0%)
[2026-02-01 06:51:00] [溢价告警] 金鹰元盛债券LOF(162108) 溢价率: 10.10% (阈值: 10.0%)
[2026-02-01 06:52:08] [溢价告警] 国投资源LOF(161217) 溢价率: 10.48% (阈值: 10.0%)
[2026-02-01 06:52:16] [溢价告警] 原油LOF易方达(161129) 溢价率: 13.14% (阈值: 10.0%)
[2026-02-01 06:54:54] [溢价告警] 石油基金LOF(160416) 溢价率: 32.84% (阈值: 10.0%)
[2026-02-01 06:56:38] [溢价告警] 行业轮动FOF(501220) 溢价率: 15.45% (阈值: 10.0%)
[2026-02-01 06:59:08] [溢价告警] 南方原油LOF(501018) 溢价率: 26.14% (阈值: 10.0%)
[2026-02-01 07:33:10] [溢价告警] 钢铁LOF(168203) 溢价率: 12.78% (阈值: 10.0%)
[2026-02-01 07:34:35] [溢价告警] 国富恒利债券LOF(164509) 溢价率: 10.42% (阈值: 10.0%)
[2026-02-01 07:35:14] [溢价告警] 石油LOF(162719) 溢价率: 32.57% (阈值: 10.0%)
[2026-02-01 07:35:32] [溢价告警] 金鹰元盛债券LOF(162108) 溢价率: 10.10% (阈值: 10.0%)
[2026-02-01 07:36:24] [溢价告警] 国投资源LOF(161217) 溢价率: 10.48% (阈值: 10.0%)
[2026-02-01 07:36:32] [溢价告警] 原油LOF易方达(161129) 溢价率: 13.14% (阈值: 10.0%)
[2026-02-01 07:38:31] [溢价告警] 石油基金LOF(160416) 溢价率: 32.84% (阈值: 10.0%)
[2026-02-01 07:39:56] [溢价告警] 行业轮动FOF(501220) 溢价率: 15.45% (阈值: 10.0%)
[2026-02-01 07:42:04] [溢价告警] 南方原油LOF(501018) 溢价率: 26.14% (阈值: 10.0%)
[2026-02-01 14:07:35] [溢价告警] 钢铁LOF(168203) 溢价率: 12.78% (阈值: 10.0%)
[2026-02-01 14:11:38] [溢价告警] 国富恒利债券LOF(164509) 溢价率: 10.42% (阈值: 10.0%)
[2026-02-01 14:13:42] [溢价告警] 石油LOF(162719) 溢价率: 32.57% (阈值: 10.0%)
[2026-02-01 14:15:06] [溢价告警] 金鹰元盛债券LOF(162108) 溢价率: 10.10% (阈值: 10.0%)
[2026-02-01 14:17:34] [溢价告警] 国投资源LOF(161217) 溢价率: 10.48% (阈值: 10.0%)
[2026-02-01 14:17:58] [溢价告警] 原油LOF易方达(161129) 溢价率: 13.14% (阈值: 10.0%)
[2026-02-01 14:22:38] [溢价告警] 石油基金LOF(160416) 溢价率: 32.84% (阈值: 10.0%)
[2026-02-01 14:25:37] [溢价告警] 行业轮动FOF(501220) 溢价率: 15.45% (阈值: 10.0%)
[2026-02-01 14:30:07] [溢价告警] 南方原油LOF(501018) 溢价率: 26.14% (阈值: 10.0%)
[2026-02-02 04:40:33] [溢价告警] 石油LOF(162719) 溢价率: 19.29% (阈值: 10.0%)
[2026-02-02 04:43:02] [溢价告警] 国投白银LOF(161226) 溢价率: 43.80% (阈值: 10.0%)
[2026-02-02 04:47:23] [溢价告警] 石油基金LOF(160416) 溢价率: 19.53% (阈值: 10.0%)
[2026-02-02 04:52:59] [溢价告警] 南方原油LOF(501018) 溢价率: 13.54% (阈值: 10.0%)
[2026-02-02 07:00:19] [溢价告警] 石油LOF(162719) 溢价率: 19.29% (阈值: 10.0%)
[2026-02-02 07:01:59] [溢价告警] 国投白银LOF(161226) 溢价率: 43.80% (阈值: 10.0%)
[2026-02-02 07:05:30] [溢价告警] 石油基金LOF(160416) 溢价率: 19.53% (阈值: 10.0%)
[2026-02-02 07:10:07] [溢价告警] 南方原油LOF(501018) 溢价率: 13.54% (阈值: 10.0%)
[2026-02-03 03:21:27] [溢价告警] 国投白银LOF(161226) 溢价率: 88.94% (阈值: 10.0%)
[2026-02-03 05:10:40] [溢价告警] 国投白银LOF(161226) 溢价率: 88.94% (阈值: 10.0%)
[2026-02-03 05:34:38] [溢价告警] 国投白银LOF(161226) 溢价率: 88.94% (阈值: 10.0%)
[2026-02-04 03:14:40] [溢价告警] 国投白银LOF(161226) 溢价率: 64.60% (阈值: 10.0%)
[2026-02-04 05:23:19] [溢价告警] 国投白银LOF(161226) 溢价率: 64.60% (阈值: 10.0%)
[2026-02-05 03:16:55] [溢价告警] 国投白银LOF(161226) 溢价率: 37.13% (阈值: 10.0%)
[2026-02-05 05:39:32] [溢价告警] 国投白银LOF(161226) 溢价率: 37.13% (阈值: 10.0%)
[2026-02-06 03:13:42] [溢价告警] 国投白银LOF(161226) 溢价率: 28.73% (阈值: 10.0%)
[2026-02-06 03:18:12] [溢价告警] 全球芯片LOF(501225) 溢价率: 11.68% (阈值: 10.0%)
[2026-02-06 05:38:41] [溢价告警] 国投白银LOF(161226) 溢价率: 28.73% (阈值: 10.0%)
[2026-02-06 05:44:31] [溢价告警] 全球芯片LOF(501225) 溢价率: 10.74% (阈值: 10.0%)
[2026-02-07 02:55:44] [溢价告警] 国投白银LOF(161226) 溢价率: 49.05% (阈值: 10.0%)
[2026-02-07 03:01:51] [溢价告警] 全球芯片LOF(501225) 溢价率: 10.60% (阈值: 10.0%)
[2026-02-07 05:17:57] [溢价告警] 国投白银LOF(161226) 溢价率: 49.05% (阈值: 10.0%)
[2026-02-07 05:23:31] [溢价告警] 全球芯片LOF(501225) 溢价率: 10.60% (阈值: 10.0%)
[2026-02-08 03:41:00] [溢价告警] 国投白银LOF(161226) 溢价率: 49.05% (阈值: 10.0%)
[2026-02-08 03:47:28] [溢价告警] 全球芯片LOF(501225) 溢价率: 10.60% (阈值: 10.0%)
[2026-02-08 05:46:08] [溢价告警] 国投白银LOF(161226) 溢价率: 49.05% (阈值: 10.0%)
[2026-02-08 05:51:17] [溢价告警] 全球芯片LOF(501225) 溢价率: 10.60% (阈值: 10.0%)
[2026-02-09 03:23:15] [溢价告警] 招商丰泰LOF(161722) 溢价率: 10.29% (阈值: 10.0%)
[2026-02-09 03:23:42] [溢价告警] 国投白银LOF(161226) 溢价率: 58.67% (阈值: 10.0%)
[2026-02-09 03:28:41] [溢价告警] 全球芯片LOF(501225) 溢价率: 14.72% (阈值: 10.0%)
[2026-02-09 05:48:10] [溢价告警] 国投白银LOF(161226) 溢价率: 57.03% (阈值: 10.0%)
[2026-02-09 05:52:37] [溢价告警] 全球芯片LOF(501225) 溢价率: 14.82% (阈值: 10.0%)
[2026-02-10 03:32:33] [溢价告警] 国投白银LOF(161226) 溢价率: 43.78% (阈值: 10.0%)
[2026-02-10 03:37:52] [溢价告警] 全球芯片LOF(501225) 溢价率: 10.89% (阈值: 10.0%)
[2026-02-10 03:40:28] [溢价告警] 南方原油LOF(501018) 溢价率: 11.52% (阈值: 10.0%)
[2026-02-10 05:50:31] [溢价告警] 国投白银LOF(161226) 溢价率: 42.86% (阈值: 10.0%)
[2026-02-10 05:55:24] [溢价告警] 全球芯片LOF(501225) 溢价率: 10.80% (阈值: 10.0%)
[2026-02-10 05:57:55] [溢价告警] 南方原油LOF(501018) 溢价率: 11.69% (阈值: 10.0%)
[2026-02-11 03:30:34] [溢价告警] 国投白银LOF(161226) 溢价率: 36.00% (阈值: 10.0%)
[2026-02-11 03:31:02] [溢价告警] 原油LOF易方达(161129) 溢价率: 14.52% (阈值: 10.0%)
[2026-02-11 03:40:09] [溢价告警] 南方原油LOF(501018) 溢价率: 16.24% (阈值: 10.0%)
[2026-02-11 05:48:41] [溢价告警] 国投白银LOF(161226) 溢价率: 36.32% (阈值: 10.0%)
[2026-02-11 05:49:00] [溢价告警] 原油LOF易方达(161129) 溢价率: 12.98% (阈值: 10.0%)
[2026-02-11 05:55:44] [溢价告警] 南方原油LOF(501018) 溢价率: 16.00% (阈值: 10.0%)
[2026-02-12 03:24:34] [溢价告警] 国投白银LOF(161226) 溢价率: 29.64% (阈值: 10.0%)
[2026-02-12 03:24:54] [溢价告警] 原油LOF易方达(161129) 溢价率: 13.54% (阈值: 10.0%)
[2026-02-12 03:27:52] [溢价告警] 石油基金LOF(160416) 溢价率: 10.96% (阈值: 10.0%)
[2026-02-12 03:29:47] [溢价告警] 全球芯片LOF(501225) 溢价率: 12.33% (阈值: 10.0%)
[2026-02-12 03:32:27] [溢价告警] 南方原油LOF(501018) 溢价率: 12.87% (阈值: 10.0%)
[2026-02-12 05:44:47] [溢价告警] 国投白银LOF(161226) 溢价率: 27.12% (阈值: 10.0%)
[2026-02-12 05:45:09] [溢价告警] 原油LOF易方达(161129) 溢价率: 11.92% (阈值: 10.0%)
[2026-02-12 05:47:42] [溢价告警] 石油基金LOF(160416) 溢价率: 10.23% (阈值: 10.0%)
[2026-02-12 05:49:28] [溢价告警] 全球芯片LOF(501225) 溢价率: 13.00% (阈值: 10.0%)
[2026-02-12 05:51:40] [溢价告警] 南方原油LOF(501018) 溢价率: 11.72% (阈值: 10.0%)
[2026-02-13 03:25:33] [溢价告警] 国投白银LOF(161226) 溢价率: 17.98% (阈值: 10.0%)
[2026-02-13 03:30:48] [溢价告警] 全球芯片LOF(501225) 溢价率: 10.94% (阈值: 10.0%)
[2026-02-13 05:41:49] [溢价告警] 国投白银LOF(161226) 溢价率: 19.62% (阈值: 10.0%)
[2026-02-13 05:46:48] [溢价告警] 全球芯片LOF(501225) 溢价率: 10.77% (阈值: 10.0%)
[2026-02-14 03:10:25] [溢价告警] 国投白银LOF(161226) 溢价率: 27.61% (阈值: 10.0%)
[2026-02-14 03:13:39] [溢价告警] 全球芯片LOF(501225) 溢价率: 14.62% (阈值: 10.0%)
[2026-02-14 05:19:06] [溢价告警] 国投白银LOF(161226) 溢价率: 27.61% (阈值: 10.0%)
[2026-02-14 05:23:44] [溢价告警] 全球芯片LOF(501225) 溢价率: 14.62% (阈值: 10.0%)
[2026-02-15 03:25:16] [溢价告警] 国投白银LOF(161226) 溢价率: 27.61% (阈值: 10.0%)
[2026-02-15 03:30:06] [溢价告警] 全球芯片LOF(501225) 溢价率: 14.62% (阈值: 10.0%)
[2026-02-15 05:37:34] [溢价告警] 国投白银LOF(161226) 溢价率: 27.61% (阈值: 10.0%)
[2026-02-15 05:42:32] [溢价告警] 全球芯片LOF(501225) 溢价率: 14.62% (阈值: 10.0%)
[2026-02-16 03:21:59] [溢价告警] 国投白银LOF(161226) 溢价率: 27.61% (阈值: 10.0%)
[2026-02-16 03:26:55] [溢价告警] 全球芯片LOF(501225) 溢价率: 14.62% (阈值: 10.0%)
[2026-02-16 05:47:18] [溢价告警] 国投白银LOF(161226) 溢价率: 27.61% (阈值: 10.0%)
[2026-02-16 05:51:40] [溢价告警] 全球芯片LOF(501225) 溢价率: 14.62% (阈值: 10.0%)
[2026-02-17 03:16:36] [溢价告警] 国投白银LOF(161226) 溢价率: 27.61% (阈值: 10.0%)
[2026-02-17 03:21:15] [溢价告警] 全球芯片LOF(501225) 溢价率: 14.62% (阈值: 10.0%)
[2026-02-17 05:40:20] [溢价告警] 国投白银LOF(161226) 溢价率: 27.61% (阈值: 10.0%)
[2026-02-17 05:45:05] [溢价告警] 全球芯片LOF(501225) 溢价率: 14.62% (阈值: 10.0%)
[2026-02-18 03:19:20] [溢价告警] 国投白银LOF(161226) 溢价率: 27.61% (阈值: 10.0%)
[2026-02-18 03:23:41] [溢价告警] 全球芯片LOF(501225) 溢价率: 14.62% (阈值: 10.0%)
[2026-02-18 05:41:36] [溢价告警] 国投白银LOF(161226) 溢价率: 27.61% (阈值: 10.0%)
[2026-02-18 05:45:33] [溢价告警] 全球芯片LOF(501225) 溢价率: 14.62% (阈值: 10.0%)
[2026-02-19 03:18:21] [溢价告警] 国投白银LOF(161226) 溢价率: 27.61% (阈值: 10.0%)
[2026-02-19 03:23:18] [溢价告警] 全球芯片LOF(501225) 溢价率: 14.62% (阈值: 10.0%)
[2026-02-19 05:41:00] [溢价告警] 国投白银LOF(161226) 溢价率: 27.61% (阈值: 10.0%)
[2026-02-19 05:45:58] [溢价告警] 全球芯片LOF(501225) 溢价率: 14.62% (阈值: 10.0%)
[2026-02-20 03:14:09] [溢价告警] 国投白银LOF(161226) 溢价率: 27.61% (阈值: 10.0%)
[2026-02-20 03:17:36] [溢价告警] 全球芯片LOF(501225) 溢价率: 14.62% (阈值: 10.0%)
[2026-02-20 05:35:24] [溢价告警] 国投白银LOF(161226) 溢价率: 27.61% (阈值: 10.0%)
[2026-02-20 05:38:40] [溢价告警] 全球芯片LOF(501225) 溢价率: 14.62% (阈值: 10.0%)
[2026-02-21 02:54:09] [溢价告警] 国投白银LOF(161226) 溢价率: 27.61% (阈值: 10.0%)
[2026-02-21 03:00:07] [溢价告警] 全球芯片LOF(501225) 溢价率: 14.62% (阈值: 10.0%)
[2026-02-21 05:17:28] [溢价告警] 国投白银LOF(161226) 溢价率: 27.61% (阈值: 10.0%)
[2026-02-21 05:21:45] [溢价告警] 全球芯片LOF(501225) 溢价率: 14.62% (阈值: 10.0%)
[2026-02-22 03:20:30] [溢价告警] 国投白银LOF(161226) 溢价率: 27.61% (阈值: 10.0%)
[2026-02-22 03:25:29] [溢价告警] 全球芯片LOF(501225) 溢价率: 14.62% (阈值: 10.0%)
[2026-02-22 05:35:35] [溢价告警] 国投白银LOF(161226) 溢价率: 27.61% (阈值: 10.0%)
[2026-02-22 05:40:12] [溢价告警] 全球芯片LOF(501225) 溢价率: 14.62% (阈值: 10.0%)
[2026-02-23 03:23:17] [溢价告警] 国投白银LOF(161226) 溢价率: 27.61% (阈值: 10.0%)
[2026-02-23 03:28:00] [溢价告警] 全球芯片LOF(501225) 溢价率: 14.62% (阈值: 10.0%)
[2026-02-23 05:49:26] [溢价告警] 国投白银LOF(161226) 溢价率: 27.61% (阈值: 10.0%)
[2026-02-23 05:54:45] [溢价告警] 全球芯片LOF(501225) 溢价率: 14.62% (阈值: 10.0%)
[2026-02-24 03:18:23] [溢价告警] 国投白银LOF(161226) 溢价率: 38.92% (阈值: 10.0%)
[2026-02-24 03:18:45] [溢价告警] 原油LOF易方达(161129) 溢价率: 18.79% (阈值: 10.0%)
[2026-02-24 03:20:23] [溢价告警] 嘉实原油LOF(160723) 溢价率: 11.65% (阈值: 10.0%)
[2026-02-24 03:21:47] [溢价告警] 石油基金LOF(160416) 溢价率: 14.05% (阈值: 10.0%)
[2026-02-24 03:23:34] [溢价告警] 全球芯片LOF(501225) 溢价率: 14.13% (阈值: 10.0%)
[2026-02-24 03:26:04] [溢价告警] 南方原油LOF(501018) 溢价率: 19.13% (阈值: 10.0%)
[2026-02-24 05:41:37] [溢价告警] 国投白银LOF(161226) 溢价率: 39.06% (阈值: 10.0%)
[2026-02-24 05:41:55] [溢价告警] 原油LOF易方达(161129) 溢价率: 17.94% (阈值: 10.0%)
[2026-02-24 05:43:28] [溢价告警] 嘉实原油LOF(160723) 溢价率: 10.59% (阈值: 10.0%)
[2026-02-24 05:44:50] [溢价告警] 石油基金LOF(160416) 溢价率: 13.18% (阈值: 10.0%)
[2026-02-24 05:46:32] [溢价告警] 全球芯片LOF(501225) 溢价率: 14.13% (阈值: 10.0%)
[2026-02-24 05:48:41] [溢价告警] 南方原油LOF(501018) 溢价率: 18.30% (阈值: 10.0%)
[2026-02-25 03:19:35] [溢价告警] 国投白银LOF(161226) 溢价率: 35.95% (阈值: 10.0%)
[2026-02-25 03:19:58] [溢价告警] 原油LOF易方达(161129) 溢价率: 25.77% (阈值: 10.0%)
[2026-02-25 03:21:31] [溢价告警] 嘉实原油LOF(160723) 溢价率: 15.93% (阈值: 10.0%)
[2026-02-25 03:22:57] [溢价告警] 石油基金LOF(160416) 溢价率: 23.92% (阈值: 10.0%)
[2026-02-25 03:24:53] [溢价告警] 全球芯片LOF(501225) 溢价率: 13.47% (阈值: 10.0%)
[2026-02-25 03:27:27] [溢价告警] 南方原油LOF(501018) 溢价率: 26.73% (阈值: 10.0%)
[2026-02-25 05:43:28] [溢价告警] 国投白银LOF(161226) 溢价率: 37.57% (阈值: 10.0%)
[2026-02-25 05:43:47] [溢价告警] 原油LOF易方达(161129) 溢价率: 23.25% (阈值: 10.0%)
[2026-02-25 05:45:03] [溢价告警] 嘉实原油LOF(160723) 溢价率: 15.01% (阈值: 10.0%)
[2026-02-25 05:46:10] [溢价告警] 石油基金LOF(160416) 溢价率: 25.45% (阈值: 10.0%)
[2026-02-25 05:47:47] [溢价告警] 全球芯片LOF(501225) 溢价率: 13.43% (阈值: 10.0%)
[2026-02-25 05:49:57] [溢价告警] 南方原油LOF(501018) 溢价率: 26.07% (阈值: 10.0%)
[2026-02-26 03:14:37] [溢价告警] 国投白银LOF(161226) 溢价率: 32.19% (阈值: 10.0%)
[2026-02-26 03:14:54] [溢价告警] 原油LOF易方达(161129) 溢价率: 13.59% (阈值: 10.0%)
[2026-02-26 03:17:02] [溢价告警] 石油基金LOF(160416) 溢价率: 20.24% (阈值: 10.0%)
[2026-02-26 03:18:28] [溢价告警] 全球芯片LOF(501225) 溢价率: 11.13% (阈值: 10.0%)
[2026-02-26 03:20:12] [溢价告警] 南方原油LOF(501018) 溢价率: 13.18% (阈值: 10.0%)
[2026-02-26 05:38:58] [溢价告警] 国投白银LOF(161226) 溢价率: 36.47% (阈值: 10.0%)
[2026-02-26 05:39:12] [溢价告警] 原油LOF易方达(161129) 溢价率: 13.59% (阈值: 10.0%)
[2026-02-26 05:41:16] [溢价告警] 石油基金LOF(160416) 溢价率: 18.54% (阈值: 10.0%)
[2026-02-26 05:42:34] [溢价告警] 全球芯片LOF(501225) 溢价率: 12.21% (阈值: 10.0%)
[2026-02-26 05:43:35] [溢价告警] 南方原油LOF(501018) 溢价率: 14.21% (阈值: 10.0%)
[2026-02-27 03:11:10] [溢价告警] 国投白银LOF(161226) 溢价率: 34.36% (阈值: 10.0%)
[2026-02-27 03:11:23] [溢价告警] 原油LOF易方达(161129) 溢价率: 14.62% (阈值: 10.0%)
[2026-02-27 03:12:57] [溢价告警] 石油基金LOF(160416) 溢价率: 17.91% (阈值: 10.0%)
[2026-02-27 03:14:02] [溢价告警] 全球芯片LOF(501225) 溢价率: 11.64% (阈值: 10.0%)
[2026-02-27 03:15:30] [溢价告警] 南方原油LOF(501018) 溢价率: 14.69% (阈值: 10.0%)
[2026-02-27 05:24:09] [溢价告警] 国投白银LOF(161226) 溢价率: 33.85% (阈值: 10.0%)
[2026-02-27 05:24:26] [溢价告警] 原油LOF易方达(161129) 溢价率: 14.71% (阈值: 10.0%)
[2026-02-27 05:26:49] [溢价告警] 石油基金LOF(160416) 溢价率: 17.66% (阈值: 10.0%)
[2026-02-27 05:28:19] [溢价告警] 全球芯片LOF(501225) 溢价率: 13.49% (阈值: 10.0%)
[2026-02-27 05:30:28] [溢价告警] 南方原油LOF(501018) 溢价率: 14.37% (阈值: 10.0%)
[2026-02-28 02:41:55] [溢价告警] 国投白银LOF(161226) 溢价率: 37.85% (阈值: 10.0%)
[2026-02-28 02:42:08] [溢价告警] 原油LOF易方达(161129) 溢价率: 14.73% (阈值: 10.0%)
[2026-02-28 02:43:46] [溢价告警] 石油基金LOF(160416) 溢价率: 19.80% (阈值: 10.0%)
[2026-02-28 02:44:49] [溢价告警] 全球芯片LOF(501225) 溢价率: 16.34% (阈值: 10.0%)
[2026-02-28 02:46:20] [溢价告警] 南方原油LOF(501018) 溢价率: 14.84% (阈值: 10.0%)
[2026-02-28 05:08:25] [溢价告警] 国投白银LOF(161226) 溢价率: 37.85% (阈值: 10.0%)
[2026-02-28 05:08:46] [溢价告警] 原油LOF易方达(161129) 溢价率: 14.73% (阈值: 10.0%)
[2026-02-28 05:11:47] [溢价告警] 石油基金LOF(160416) 溢价率: 19.80% (阈值: 10.0%)
[2026-02-28 05:13:34] [溢价告警] 全球芯片LOF(501225) 溢价率: 16.34% (阈值: 10.0%)
[2026-02-28 05:16:13] [溢价告警] 南方原油LOF(501018) 溢价率: 14.84% (阈值: 10.0%)
[2026-03-01 03:27:57] [溢价告警] 国投白银LOF(161226) 溢价率: 37.85% (阈值: 10.0%)
[2026-03-01 03:28:03] [溢价告警] 原油LOF易方达(161129) 溢价率: 14.73% (阈值: 10.0%)
[2026-03-01 03:30:34] [溢价告警] 石油基金LOF(160416) 溢价率: 19.80% (阈值: 10.0%)
[2026-03-01 03:32:20] [溢价告警] 全球芯片LOF(501225) 溢价率: 16.34% (阈值: 10.0%)
[2026-03-01 03:34:49] [溢价告警] 南方原油LOF(501018) 溢价率: 14.84% (阈值: 10.0%)
[2026-03-01 05:35:04] [溢价告警] 国投白银LOF(161226) 溢价率: 37.85% (阈值: 10.0%)
[2026-03-01 05:35:15] [溢价告警] 原油LOF易方达(161129) 溢价率: 14.73% (阈值: 10.0%)
[2026-03-01 05:36:43] [溢价告警] 石油基金LOF(160416) 溢价率: 19.80% (阈值: 10.0%)
[2026-03-01 05:37:05] [溢价告警] 全球芯片LOF(501225) 溢价率: 16.34% (阈值: 10.0%)
[2026-03-01 05:37:38] [溢价告警] 南方原油LOF(501018) 溢价率: 14.84% (阈值: 10.0%)
[2026-03-02 03:14:14] [溢价告警] 国投白银LOF(161226) 溢价率: 49.40% (阈值: 10.0%)
[2026-03-02 03:14:33] [溢价告警] 原油LOF易方达(161129) 溢价率: 26.14% (阈值: 10.0%)
[2026-03-02 03:15:30] [溢价告警] 嘉实原油LOF(160723) 溢价率: 16.93% (阈值: 10.0%)
[2026-03-02 03:16:15] [溢价告警] 石油基金LOF(160416) 溢价率: 31.78% (阈值: 10.0%)
[2026-03-02 03:17:24] [溢价告警] 全球芯片LOF(501225) 溢价率: 14.59% (阈值: 10.0%)
[2026-03-02 03:18:56] [溢价告警] 南方原油LOF(501018) 溢价率: 25.85% (阈值: 10.0%)
[2026-03-02 05:24:04] [溢价告警] 国投白银LOF(161226) 溢价率: 48.80% (阈值: 10.0%)
[2026-03-02 05:24:21] [溢价告警] 原油LOF易方达(161129) 溢价率: 26.22% (阈值: 10.0%)
[2026-03-02 05:25:38] [溢价告警] 嘉实原油LOF(160723) 溢价率: 17.82% (阈值: 10.0%)
[2026-03-02 05:26:49] [溢价告警] 石油基金LOF(160416) 溢价率: 31.78% (阈值: 10.0%)
[2026-03-02 05:28:26] [溢价告警] 全球芯片LOF(501225) 溢价率: 15.29% (阈值: 10.0%)
[2026-03-02 05:30:31] [溢价告警] 南方原油LOF(501018) 溢价率: 26.33% (阈值: 10.0%)
[2026-03-02 14:14:02] [溢价告警] 国投白银LOF(161226) 溢价率: 51.63% (阈值: 10.0%)
[2026-03-02 14:14:32] [溢价告警] 原油LOF易方达(161129) 溢价率: 25.36% (阈值: 10.0%)
[2026-03-02 14:16:51] [溢价告警] 嘉实原油LOF(160723) 溢价率: 16.92% (阈值: 10.0%)
[2026-03-02 14:18:54] [溢价告警] 石油基金LOF(160416) 溢价率: 30.51% (阈值: 10.0%)
[2026-03-02 14:22:27] [溢价告警] 全球芯片LOF(501225) 溢价率: 16.79% (阈值: 10.0%)
[2026-03-02 14:26:12] [溢价告警] 南方原油LOF(501018) 溢价率: 25.07% (阈值: 10.0%)
[2026-03-03 03:16:27] [溢价告警] 全球油气能源LOF(163208) 溢价率: 17.55% (阈值: 10.0%)
[2026-03-03 03:16:51] [溢价告警] 石油LOF(162719) 溢价率: 18.94% (阈值: 10.0%)
[2026-03-03 03:17:20] [溢价告警] 华宝油气LOF(162411) 溢价率: 18.11% (阈值: 10.0%)
[2026-03-03 03:18:29] [溢价告警] 国投白银LOF(161226) 溢价率: 37.81% (阈值: 10.0%)
[2026-03-03 03:18:51] [溢价告警] 原油LOF易方达(161129) 溢价率: 37.92% (阈值: 10.0%)
[2026-03-03 03:20:17] [溢价告警] 嘉实原油LOF(160723) 溢价率: 28.61% (阈值: 10.0%)
[2026-03-03 03:21:32] [溢价告警] 石油基金LOF(160416) 溢价率: 43.58% (阈值: 10.0%)
[2026-03-03 03:22:58] [溢价告警] 军工LOF(502003) 溢价率: 18.75% (阈值: 10.0%)
[2026-03-03 03:23:17] [溢价告警] 全球芯片LOF(501225) 溢价率: 15.99% (阈值: 10.0%)
[2026-03-03 03:25:41] [溢价告警] 南方原油LOF(501018) 溢价率: 37.55% (阈值: 10.0%)
[2026-03-03 05:21:52] [溢价告警] 全球油气能源LOF(163208) 溢价率: 17.55% (阈值: 10.0%)
[2026-03-03 05:22:17] [溢价告警] 石油LOF(162719) 溢价率: 18.94% (阈值: 10.0%)
[2026-03-03 05:22:37] [溢价告警] 华宝油气LOF(162411) 溢价率: 18.47% (阈值: 10.0%)
[2026-03-03 05:23:55] [溢价告警] 国投白银LOF(161226) 溢价率: 36.24% (阈值: 10.0%)
[2026-03-03 05:24:14] [溢价告警] 原油LOF易方达(161129) 溢价率: 37.92% (阈值: 10.0%)
[2026-03-03 05:25:40] [溢价告警] 嘉实原油LOF(160723) 溢价率: 28.61% (阈值: 10.0%)
[2026-03-03 05:26:57] [溢价告警] 石油基金LOF(160416) 溢价率: 43.58% (阈值: 10.0%)
[2026-03-03 05:28:22] [溢价告警] 军工LOF(502003) 溢价率: 18.75% (阈值: 10.0%)
[2026-03-03 05:28:43] [溢价告警] 全球芯片LOF(501225) 溢价率: 15.28% (阈值: 10.0%)
[2026-03-03 05:30:57] [溢价告警] 南方原油LOF(501018) 溢价率: 37.55% (阈值: 10.0%)
[2026-03-04 02:52:30] [溢价告警] 石油LOF(162719) 溢价率: 16.37% (阈值: 10.0%)
[2026-03-04 02:52:50] [溢价告警] 华宝油气LOF(162411) 溢价率: 10.02% (阈值: 10.0%)
[2026-03-04 02:54:01] [溢价告警] 国投白银LOF(161226) 溢价率: 33.79% (阈值: 10.0%)
[2026-03-04 02:54:19] [溢价告警] 原油LOF易方达(161129) 溢价率: 34.65% (阈值: 10.0%)
[2026-03-04 02:55:40] [溢价告警] 嘉实原油LOF(160723) 溢价率: 23.81% (阈值: 10.0%)
[2026-03-04 02:57:00] [溢价告警] 石油基金LOF(160416) 溢价率: 47.85% (阈值: 10.0%)
[2026-03-04 02:58:27] [溢价告警] 军工LOF(502003) 溢价率: 13.99% (阈值: 10.0%)
[2026-03-04 03:01:09] [溢价告警] 南方原油LOF(501018) 溢价率: 34.05% (阈值: 10.0%)
[2026-03-04 05:16:07] [溢价告警] 石油LOF(162719) 溢价率: 14.40% (阈值: 10.0%)
[2026-03-04 05:17:31] [溢价告警] 国投白银LOF(161226) 溢价率: 32.31% (阈值: 10.0%)
[2026-03-04 05:17:48] [溢价告警] 原油LOF易方达(161129) 溢价率: 33.12% (阈值: 10.0%)
[2026-03-04 05:19:01] [溢价告警] 嘉实原油LOF(160723) 溢价率: 20.56% (阈值: 10.0%)
[2026-03-04 05:20:07] [溢价告警] 石油基金LOF(160416) 溢价率: 47.85% (阈值: 10.0%)
[2026-03-04 05:21:19] [溢价告警] 军工LOF(502003) 溢价率: 13.99% (阈值: 10.0%)
[2026-03-04 05:23:37] [溢价告警] 南方原油LOF(501018) 溢价率: 31.52% (阈值: 10.0%)
[2026-03-05 03:11:34] [溢价告警] 国投白银LOF(161226) 溢价率: 43.38% (阈值: 10.0%)
[2026-03-05 03:11:48] [溢价告警] 原油LOF易方达(161129) 溢价率: 26.43% (阈值: 10.0%)
[2026-03-05 03:12:39] [溢价告警] 嘉实原油LOF(160723) 溢价率: 12.63% (阈值: 10.0%)
[2026-03-05 03:13:26] [溢价告警] 石油基金LOF(160416) 溢价率: 38.40% (阈值: 10.0%)
[2026-03-05 03:14:35] [溢价告警] 全球芯片LOF(501225) 溢价率: 16.66% (阈值: 10.0%)
[2026-03-05 03:16:07] [溢价告警] 南方原油LOF(501018) 溢价率: 20.35% (阈值: 10.0%)
[2026-03-05 05:20:42] [溢价告警] 国投白银LOF(161226) 溢价率: 43.42% (阈值: 10.0%)
[2026-03-05 05:20:56] [溢价告警] 原油LOF易方达(161129) 溢价率: 27.33% (阈值: 10.0%)
[2026-03-05 05:22:05] [溢价告警] 嘉实原油LOF(160723) 溢价率: 14.74% (阈值: 10.0%)
[2026-03-05 05:23:08] [溢价告警] 石油基金LOF(160416) 溢价率: 44.19% (阈值: 10.0%)
[2026-03-05 05:24:33] [溢价告警] 全球芯片LOF(501225) 溢价率: 17.13% (阈值: 10.0%)
[2026-03-05 05:26:29] [溢价告警] 南方原油LOF(501018) 溢价率: 22.22% (阈值: 10.0%)
[2026-03-06 03:11:12] [溢价告警] 国投白银LOF(161226) 溢价率: 38.82% (阈值: 10.0%)
[2026-03-06 03:11:24] [溢价告警] 原油LOF易方达(161129) 溢价率: 19.63% (阈值: 10.0%)
[2026-03-06 03:13:05] [溢价告警] 石油基金LOF(160416) 溢价率: 28.39% (阈值: 10.0%)
[2026-03-06 03:14:15] [溢价告警] 全球芯片LOF(501225) 溢价率: 12.56% (阈值: 10.0%)
[2026-03-06 03:15:44] [溢价告警] 南方原油LOF(501018) 溢价率: 15.91% (阈值: 10.0%)
[2026-03-06 05:19:26] [溢价告警] 国投白银LOF(161226) 溢价率: 37.84% (阈值: 10.0%)
[2026-03-06 05:19:45] [溢价告警] 原油LOF易方达(161129) 溢价率: 19.19% (阈值: 10.0%)
[2026-03-06 05:22:38] [溢价告警] 石油基金LOF(160416) 溢价率: 27.35% (阈值: 10.0%)
[2026-03-06 05:24:23] [溢价告警] 全球芯片LOF(501225) 溢价率: 12.61% (阈值: 10.0%)
[2026-03-06 05:26:52] [溢价告警] 南方原油LOF(501018) 溢价率: 15.98% (阈值: 10.0%)
[2026-03-07 02:49:32] [溢价告警] 国投白银LOF(161226) 溢价率: 39.23% (阈值: 10.0%)
[2026-03-07 02:49:56] [溢价告警] 原油LOF易方达(161129) 溢价率: 13.19% (阈值: 10.0%)
[2026-03-07 02:53:01] [溢价告警] 石油基金LOF(160416) 溢价率: 21.73% (阈值: 10.0%)
[2026-03-07 02:55:07] [溢价告警] 全球芯片LOF(501225) 溢价率: 14.30% (阈值: 10.0%)
[2026-03-07 05:11:44] [溢价告警] 国投白银LOF(161226) 溢价率: 39.23% (阈值: 10.0%)
[2026-03-07 05:11:59] [溢价告警] 原油LOF易方达(161129) 溢价率: 13.19% (阈值: 10.0%)
[2026-03-07 05:14:26] [溢价告警] 石油基金LOF(160416) 溢价率: 21.73% (阈值: 10.0%)
[2026-03-07 05:16:04] [溢价告警] 全球芯片LOF(501225) 溢价率: 14.30% (阈值: 10.0%)
[2026-03-08 03:17:02] [溢价告警] 国投白银LOF(161226) 溢价率: 39.23% (阈值: 10.0%)
[2026-03-08 03:17:22] [溢价告警] 原油LOF易方达(161129) 溢价率: 13.19% (阈值: 10.0%)
[2026-03-08 03:20:21] [溢价告警] 石油基金LOF(160416) 溢价率: 21.73% (阈值: 10.0%)
[2026-03-08 03:22:09] [溢价告警] 全球芯片LOF(501225) 溢价率: 14.30% (阈值: 10.0%)
[2026-03-08 05:19:49] [溢价告警] 国投白银LOF(161226) 溢价率: 39.23% (阈值: 10.0%)
[2026-03-08 05:20:08] [溢价告警] 原油LOF易方达(161129) 溢价率: 13.19% (阈值: 10.0%)
[2026-03-08 05:23:09] [溢价告警] 石油基金LOF(160416) 溢价率: 21.73% (阈值: 10.0%)
[2026-03-08 05:25:09] [溢价告警] 全球芯片LOF(501225) 溢价率: 14.30% (阈值: 10.0%)
[2026-03-09 03:19:11] [溢价告警] 国投白银LOF(161226) 溢价率: 32.91% (阈值: 10.0%)
[2026-03-09 03:19:28] [溢价告警] 原油LOF易方达(161129) 溢价率: 24.52% (阈值: 10.0%)
[2026-03-09 03:20:52] [溢价告警] 嘉实原油LOF(160723) 溢价率: 16.93% (阈值: 10.0%)
[2026-03-09 03:22:06] [溢价告警] 石油基金LOF(160416) 溢价率: 30.71% (阈值: 10.0%)
[2026-03-09 03:26:11] [溢价告警] 南方原油LOF(501018) 溢价率: 20.68% (阈值: 10.0%)
[2026-03-09 05:38:12] [溢价告警] 国投白银LOF(161226) 溢价率: 35.15% (阈值: 10.0%)
[2026-03-09 05:38:24] [溢价告警] 原油LOF易方达(161129) 溢价率: 24.52% (阈值: 10.0%)
[2026-03-09 05:39:18] [溢价告警] 嘉实原油LOF(160723) 溢价率: 16.93% (阈值: 10.0%)
[2026-03-09 05:40:10] [溢价告警] 石油基金LOF(160416) 溢价率: 26.74% (阈值: 10.0%)
[2026-03-09 05:41:18] [溢价告警] 全球芯片LOF(501225) 溢价率: 10.50% (阈值: 10.0%)
[2026-03-09 05:42:40] [溢价告警] 南方原油LOF(501018) 溢价率: 20.68% (阈值: 10.0%)
[2026-03-10 02:53:34] [溢价告警] 国投白银LOF(161226) 溢价率: 41.99% (阈值: 10.0%)
[2026-03-10 02:53:51] [溢价告警] 原油LOF易方达(161129) 溢价率: 10.79% (阈值: 10.0%)
[2026-03-10 02:56:30] [溢价告警] 石油基金LOF(160416) 溢价率: 14.00% (阈值: 10.0%)
[2026-03-10 02:58:09] [溢价告警] 全球芯片LOF(501225) 溢价率: 16.05% (阈值: 10.0%)
[2026-03-10 05:19:15] [溢价告警] 国投白银LOF(161226) 溢价率: 41.20% (阈值: 10.0%)
[2026-03-10 05:19:30] [溢价告警] 原油LOF易方达(161129) 溢价率: 12.64% (阈值: 10.0%)
[2026-03-10 05:21:58] [溢价告警] 石油基金LOF(160416) 溢价率: 14.19% (阈值: 10.0%)
[2026-03-10 05:23:30] [溢价告警] 全球芯片LOF(501225) 溢价率: 15.86% (阈值: 10.0%)
[2026-03-11 02:53:23] [溢价告警] 国投白银LOF(161226) 溢价率: 33.90% (阈值: 10.0%)
[2026-03-11 02:58:01] [溢价告警] 全球芯片LOF(501225) 溢价率: 12.33% (阈值: 10.0%)
[2026-03-11 05:19:55] [溢价告警] 国投白银LOF(161226) 溢价率: 33.23% (阈值: 10.0%)
[2026-03-11 05:23:29] [溢价告警] 全球芯片LOF(501225) 溢价率: 12.47% (阈值: 10.0%)
[2026-03-12 03:15:31] [溢价告警] 国投白银LOF(161226) 溢价率: 26.46% (阈值: 10.0%)
[2026-03-12 03:15:50] [溢价告警] 原油LOF易方达(161129) 溢价率: 16.90% (阈值: 10.0%)
[2026-03-12 03:17:14] [溢价告警] 嘉实原油LOF(160723) 溢价率: 12.76% (阈值: 10.0%)
[2026-03-12 03:18:30] [溢价告警] 石油基金LOF(160416) 溢价率: 16.68% (阈值: 10.0%)
[2026-03-12 03:20:14] [溢价告警] 全球芯片LOF(501225) 溢价率: 10.09% (阈值: 10.0%)
[2026-03-12 03:22:40] [溢价告警] 南方原油LOF(501018) 溢价率: 14.27% (阈值: 10.0%)
[2026-03-12 05:24:45] [溢价告警] 国投白银LOF(161226) 溢价率: 25.83% (阈值: 10.0%)
[2026-03-12 05:25:00] [溢价告警] 原油LOF易方达(161129) 溢价率: 15.69% (阈值: 10.0%)
[2026-03-12 05:26:15] [溢价告警] 嘉实原油LOF(160723) 溢价率: 11.70% (阈值: 10.0%)
[2026-03-12 05:27:18] [溢价告警] 石油基金LOF(160416) 溢价率: 15.35% (阈值: 10.0%)
[2026-03-12 05:30:39] [溢价告警] 南方原油LOF(501018) 溢价率: 13.18% (阈值: 10.0%)
[2026-03-13 03:11:58] [溢价告警] 国投白银LOF(161226) 溢价率: 29.80% (阈值: 10.0%)
[2026-03-13 03:12:12] [溢价告警] 原油LOF易方达(161129) 溢价率: 14.34% (阈值: 10.0%)
[2026-03-13 03:13:08] [溢价告警] 嘉实原油LOF(160723) 溢价率: 13.47% (阈值: 10.0%)
[2026-03-13 03:13:59] [溢价告警] 石油基金LOF(160416) 溢价率: 11.94% (阈值: 10.0%)
[2026-03-13 03:16:43] [溢价告警] 南方原油LOF(501018) 溢价率: 12.99% (阈值: 10.0%)
[2026-03-13 05:23:17] [溢价告警] 国投白银LOF(161226) 溢价率: 29.44% (阈值: 10.0%)
[2026-03-13 05:23:34] [溢价告警] 原油LOF易方达(161129) 溢价率: 13.68% (阈值: 10.0%)
[2026-03-13 05:25:15] [溢价告警] 嘉实原油LOF(160723) 溢价率: 12.97% (阈值: 10.0%)
[2026-03-13 05:26:36] [溢价告警] 石油基金LOF(160416) 溢价率: 10.83% (阈值: 10.0%)
[2026-03-13 05:31:05] [溢价告警] 南方原油LOF(501018) 溢价率: 12.54% (阈值: 10.0%)
[2026-03-14 02:56:12] [溢价告警] 国投白银LOF(161226) 溢价率: 28.88% (阈值: 10.0%)
[2026-03-14 03:01:44] [溢价告警] 全球芯片LOF(501225) 溢价率: 10.79% (阈值: 10.0%)
[2026-03-14 05:20:52] [溢价告警] 国投白银LOF(161226) 溢价率: 28.88% (阈值: 10.0%)
[2026-03-14 05:25:39] [溢价告警] 全球芯片LOF(501225) 溢价率: 10.79% (阈值: 10.0%)
[2026-03-15 03:36:36] [溢价告警] 国投白银LOF(161226) 溢价率: 28.88% (阈值: 10.0%)
[2026-03-15 03:41:00] [溢价告警] 全球芯片LOF(501225) 溢价率: 10.79% (阈值: 10.0%)
[2026-03-15 05:49:55] [溢价告警] 国投白银LOF(161226) 溢价率: 28.88% (阈值: 10.0%)
[2026-03-15 05:55:17] [溢价告警] 全球芯片LOF(501225) 溢价率: 10.79% (阈值: 10.0%)
[2026-03-16 03:38:56] [溢价告警] 国投白银LOF(161226) 溢价率: 20.20% (阈值: 10.0%)
[2026-03-16 03:39:22] [溢价告警] 原油LOF易方达(161129) 溢价率: 12.65% (阈值: 10.0%)
[2026-03-16 03:40:57] [溢价告警] 嘉实原油LOF(160723) 溢价率: 11.74% (阈值: 10.0%)
[2026-03-16 03:42:26] [溢价告警] 石油基金LOF(160416) 溢价率: 11.52% (阈值: 10.0%)
[2026-03-16 03:47:13] [溢价告警] 南方原油LOF(501018) 溢价率: 10.66% (阈值: 10.0%)
[2026-03-16 06:00:19] [溢价告警] 国投白银LOF(161226) 溢价率: 21.95% (阈值: 10.0%)
[2026-03-16 06:00:37] [溢价告警] 原油LOF易方达(161129) 溢价率: 12.34% (阈值: 10.0%)
[2026-03-16 06:02:01] [溢价告警] 嘉实原油LOF(160723) 溢价率: 11.38% (阈值: 10.0%)
[2026-03-16 06:03:30] [溢价告警] 石油基金LOF(160416) 溢价率: 10.08% (阈值: 10.0%)
[2026-03-16 06:05:20] [溢价告警] 全球芯片LOF(501225) 溢价率: 10.45% (阈值: 10.0%)
[2026-03-16 06:07:31] [溢价告警] 南方原油LOF(501018) 溢价率: 10.19% (阈值: 10.0%)
[2026-03-17 03:16:40] [溢价告警] 国投白银LOF(161226) 溢价率: 29.07% (阈值: 10.0%)
[2026-03-17 03:17:03] [溢价告警] 原油LOF易方达(161129) 溢价率: 16.92% (阈值: 10.0%)
[2026-03-17 03:18:27] [溢价告警] 嘉实原油LOF(160723) 溢价率: 17.79% (阈值: 10.0%)
[2026-03-17 03:21:39] [溢价告警] 全球芯片LOF(501225) 溢价率: 12.43% (阈值: 10.0%)
[2026-03-17 03:24:04] [溢价告警] 南方原油LOF(501018) 溢价率: 14.93% (阈值: 10.0%)
[2026-03-17 05:41:49] [溢价告警] 国投白银LOF(161226) 溢价率: 30.40% (阈值: 10.0%)
[2026-03-17 05:42:08] [溢价告警] 原油LOF易方达(161129) 溢价率: 19.34% (阈值: 10.0%)
[2026-03-17 05:43:43] [溢价告警] 嘉实原油LOF(160723) 溢价率: 20.99% (阈值: 10.0%)
[2026-03-17 05:46:39] [溢价告警] 全球芯片LOF(501225) 溢价率: 12.48% (阈值: 10.0%)
[2026-03-17 05:49:18] [溢价告警] 南方原油LOF(501018) 溢价率: 16.94% (阈值: 10.0%)
[2026-03-18 03:24:39] [溢价告警] 国投白银LOF(161226) 溢价率: 24.60% (阈值: 10.0%)
[2026-03-18 03:25:00] [溢价告警] 原油LOF易方达(161129) 溢价率: 23.13% (阈值: 10.0%)
[2026-03-18 03:26:35] [溢价告警] 嘉实原油LOF(160723) 溢价率: 24.19% (阈值: 10.0%)
[2026-03-18 03:28:13] [溢价告警] 石油基金LOF(160416) 溢价率: 13.10% (阈值: 10.0%)
[2026-03-18 03:32:41] [溢价告警] 南方原油LOF(501018) 溢价率: 23.01% (阈值: 10.0%)
[2026-03-18 05:44:14] [溢价告警] 国投白银LOF(161226) 溢价率: 24.77% (阈值: 10.0%)
[2026-03-18 05:44:28] [溢价告警] 原油LOF易方达(161129) 溢价率: 16.06% (阈值: 10.0%)
[2026-03-18 05:45:37] [溢价告警] 嘉实原油LOF(160723) 溢价率: 16.17% (阈值: 10.0%)
[2026-03-18 05:46:40] [溢价告警] 石油基金LOF(160416) 溢价率: 10.11% (阈值: 10.0%)
[2026-03-18 05:48:06] [溢价告警] 全球芯片LOF(501225) 溢价率: 10.00% (阈值: 10.0%)
[2026-03-18 05:50:05] [溢价告警] 南方原油LOF(501018) 溢价率: 16.61% (阈值: 10.0%)
[2026-03-19 03:25:01] [溢价告警] 国投白银LOF(161226) 溢价率: 21.36% (阈值: 10.0%)
[2026-03-19 03:25:23] [溢价告警] 原油LOF易方达(161129) 溢价率: 22.03% (阈值: 10.0%)
[2026-03-19 03:27:04] [溢价告警] 嘉实原油LOF(160723) 溢价率: 23.04% (阈值: 10.0%)
[2026-03-19 03:28:29] [溢价告警] 石油基金LOF(160416) 溢价率: 11.46% (阈值: 10.0%)
[2026-03-19 03:33:20] [溢价告警] 南方原油LOF(501018) 溢价率: 22.99% (阈值: 10.0%)
[2026-03-19 05:42:26] [溢价告警] 国投白银LOF(161226) 溢价率: 18.81% (阈值: 10.0%)
[2026-03-19 05:42:49] [溢价告警] 原油LOF易方达(161129) 溢价率: 23.42% (阈值: 10.0%)
[2026-03-19 05:44:06] [溢价告警] 嘉实原油LOF(160723) 溢价率: 24.29% (阈值: 10.0%)
[2026-03-19 05:45:19] [溢价告警] 石油基金LOF(160416) 溢价率: 13.53% (阈值: 10.0%)
[2026-03-19 05:49:31] [溢价告警] 南方原油LOF(501018) 溢价率: 24.54% (阈值: 10.0%)
[2026-03-20 03:13:41] [溢价告警] 国投白银LOF(161226) 溢价率: 27.57% (阈值: 10.0%)
[2026-03-20 03:13:57] [溢价告警] 原油LOF易方达(161129) 溢价率: 26.65% (阈值: 10.0%)
[2026-03-20 03:14:57] [溢价告警] 嘉实原油LOF(160723) 溢价率: 27.94% (阈值: 10.0%)
[2026-03-20 03:15:51] [溢价告警] 石油基金LOF(160416) 溢价率: 21.35% (阈值: 10.0%)
[2026-03-20 03:18:53] [溢价告警] 南方原油LOF(501018) 溢价率: 29.03% (阈值: 10.0%)
[2026-03-20 05:24:25] [溢价告警] 国投白银LOF(161226) 溢价率: 27.47% (阈值: 10.0%)
[2026-03-20 05:24:39] [溢价告警] 原油LOF易方达(161129) 溢价率: 28.24% (阈值: 10.0%)
[2026-03-20 05:25:53] [溢价告警] 嘉实原油LOF(160723) 溢价率: 29.55% (阈值: 10.0%)
[2026-03-20 05:27:11] [溢价告警] 石油基金LOF(160416) 溢价率: 22.75% (阈值: 10.0%)
[2026-03-20 05:31:03] [溢价告警] 南方原油LOF(501018) 溢价率: 31.06% (阈值: 10.0%)
[2026-03-21 02:52:51] [溢价告警] 国投白银LOF(161226) 溢价率: 36.88% (阈值: 10.0%)
[2026-03-21 02:53:15] [溢价告警] 原油LOF易方达(161129) 溢价率: 27.30% (阈值: 10.0%)
[2026-03-21 02:54:54] [溢价告警] 嘉实原油LOF(160723) 溢价率: 27.88% (阈值: 10.0%)
[2026-03-21 02:56:22] [溢价告警] 石油基金LOF(160416) 溢价率: 14.76% (阈值: 10.0%)
[2026-03-21 03:01:16] [溢价告警] 南方原油LOF(501018) 溢价率: 29.96% (阈值: 10.0%)
[2026-03-21 05:18:16] [溢价告警] 国投白银LOF(161226) 溢价率: 36.88% (阈值: 10.0%)
[2026-03-21 05:18:32] [溢价告警] 原油LOF易方达(161129) 溢价率: 27.30% (阈值: 10.0%)
[2026-03-21 05:20:37] [溢价告警] 嘉实原油LOF(160723) 溢价率: 27.88% (阈值: 10.0%)
[2026-03-21 05:21:52] [溢价告警] 石油基金LOF(160416) 溢价率: 14.76% (阈值: 10.0%)
[2026-03-21 05:26:53] [溢价告警] 南方原油LOF(501018) 溢价率: 29.96% (阈值: 10.0%)
[2026-03-22 03:25:18] [溢价告警] 国投白银LOF(161226) 溢价率: 36.88% (阈值: 10.0%)
[2026-03-22 03:25:39] [溢价告警] 原油LOF易方达(161129) 溢价率: 27.30% (阈值: 10.0%)
[2026-03-22 03:27:21] [溢价告警] 嘉实原油LOF(160723) 溢价率: 27.88% (阈值: 10.0%)
[2026-03-22 03:28:41] [溢价告警] 石油基金LOF(160416) 溢价率: 14.76% (阈值: 10.0%)
[2026-03-22 03:33:15] [溢价告警] 南方原油LOF(501018) 溢价率: 29.96% (阈值: 10.0%)
[2026-03-22 05:35:35] [溢价告警] 国投白银LOF(161226) 溢价率: 36.88% (阈值: 10.0%)
[2026-03-22 05:35:41] [溢价告警] 原油LOF易方达(161129) 溢价率: 27.30% (阈值: 10.0%)
[2026-03-22 05:36:40] [溢价告警] 嘉实原油LOF(160723) 溢价率: 27.88% (阈值: 10.0%)
[2026-03-22 05:38:21] [溢价告警] 石油基金LOF(160416) 溢价率: 14.76% (阈值: 10.0%)
[2026-03-22 05:43:03] [溢价告警] 南方原油LOF(501018) 溢价率: 29.96% (阈值: 10.0%)
[2026-03-23 03:28:25] [溢价告警] 国投白银LOF(161226) 溢价率: 23.22% (阈值: 10.0%)
[2026-03-23 03:28:48] [溢价告警] 原油LOF易方达(161129) 溢价率: 39.97% (阈值: 10.0%)
[2026-03-23 03:30:21] [溢价告警] 嘉实原油LOF(160723) 溢价率: 40.18% (阈值: 10.0%)
[2026-03-23 03:31:47] [溢价告警] 石油基金LOF(160416) 溢价率: 24.97% (阈值: 10.0%)
[2026-03-23 03:36:26] [溢价告警] 南方原油LOF(501018) 溢价率: 42.87% (阈值: 10.0%)
[2026-03-23 05:50:20] [溢价告警] 国投白银LOF(161226) 溢价率: 23.22% (阈值: 10.0%)
[2026-03-23 05:50:36] [溢价告警] 原油LOF易方达(161129) 溢价率: 40.02% (阈值: 10.0%)
[2026-03-23 05:51:53] [溢价告警] 嘉实原油LOF(160723) 溢价率: 40.66% (阈值: 10.0%)
[2026-03-23 05:52:56] [溢价告警] 石油基金LOF(160416) 溢价率: 25.20% (阈值: 10.0%)
[2026-03-23 05:56:44] [溢价告警] 南方原油LOF(501018) 溢价率: 42.98% (阈值: 10.0%)
[2026-03-24 03:13:52] [溢价告警] 煤炭LOF(168204) 溢价率: 19.34% (阈值: 10.0%)
[2026-03-24 03:15:45] [溢价告警] 石油LOF(162719) 溢价率: 15.10% (阈值: 10.0%)
[2026-03-24 03:17:28] [溢价告警] 国投白银LOF(161226) 溢价率: 29.99% (阈值: 10.0%)
[2026-03-24 03:17:46] [溢价告警] 原油LOF易方达(161129) 溢价率: 50.16% (阈值: 10.0%)
[2026-03-24 03:19:11] [溢价告警] 嘉实原油LOF(160723) 溢价率: 48.67% (阈值: 10.0%)
[2026-03-24 03:20:38] [溢价告警] 石油基金LOF(160416) 溢价率: 34.05% (阈值: 10.0%)
[2026-03-24 03:24:59] [溢价告警] 南方原油LOF(501018) 溢价率: 41.73% (阈值: 10.0%)
[2026-03-24 05:38:11] [溢价告警] 煤炭LOF(168204) 溢价率: 19.38% (阈值: 10.0%)
[2026-03-24 05:41:22] [溢价告警] 石油LOF(162719) 溢价率: 17.47% (阈值: 10.0%)
[2026-03-24 05:43:16] [溢价告警] 国投白银LOF(161226) 溢价率: 27.97% (阈值: 10.0%)
[2026-03-24 05:43:36] [溢价告警] 原油LOF易方达(161129) 溢价率: 50.22% (阈值: 10.0%)
[2026-03-24 05:45:20] [溢价告警] 嘉实原油LOF(160723) 溢价率: 48.62% (阈值: 10.0%)
[2026-03-24 05:46:56] [溢价告警] 石油基金LOF(160416) 溢价率: 36.27% (阈值: 10.0%)
[2026-03-24 05:51:29] [溢价告警] 南方原油LOF(501018) 溢价率: 41.73% (阈值: 10.0%)
[2026-03-25 03:22:53] [溢价告警] 国投白银LOF(161226) 溢价率: 38.95% (阈值: 10.0%)
[2026-03-25 03:23:14] [溢价告警] 原油LOF易方达(161129) 溢价率: 49.79% (阈值: 10.0%)
[2026-03-25 03:24:56] [溢价告警] 嘉实原油LOF(160723) 溢价率: 46.24% (阈值: 10.0%)
[2026-03-25 03:26:28] [溢价告警] 石油基金LOF(160416) 溢价率: 22.12% (阈值: 10.0%)
[2026-03-25 03:31:26] [溢价告警] 南方原油LOF(501018) 溢价率: 41.85% (阈值: 10.0%)
[2026-03-25 05:43:04] [溢价告警] 国投白银LOF(161226) 溢价率: 38.79% (阈值: 10.0%)
[2026-03-25 05:43:21] [溢价告警] 原油LOF易方达(161129) 溢价率: 48.87% (阈值: 10.0%)
[2026-03-25 05:44:49] [溢价告警] 嘉实原油LOF(160723) 溢价率: 45.78% (阈值: 10.0%)
[2026-03-25 05:46:06] [溢价告警] 石油基金LOF(160416) 溢价率: 21.29% (阈值: 10.0%)
[2026-03-25 05:50:29] [溢价告警] 南方原油LOF(501018) 溢价率: 41.56% (阈值: 10.0%)
[2026-03-26 03:31:08] [溢价告警] 国投白银LOF(161226) 溢价率: 33.03% (阈值: 10.0%)
[2026-03-26 03:31:31] [溢价告警] 原油LOF易方达(161129) 溢价率: 45.71% (阈值: 10.0%)
[2026-03-26 03:33:02] [溢价告警] 嘉实原油LOF(160723) 溢价率: 41.94% (阈值: 10.0%)
[2026-03-26 03:34:22] [溢价告警] 石油基金LOF(160416) 溢价率: 17.94% (阈值: 10.0%)
[2026-03-26 03:38:38] [溢价告警] 南方原油LOF(501018) 溢价率: 40.83% (阈值: 10.0%)
[2026-03-26 05:53:08] [溢价告警] 国投白银LOF(161226) 溢价率: 29.41% (阈值: 10.0%)
[2026-03-26 05:53:29] [溢价告警] 原油LOF易方达(161129) 溢价率: 46.08% (阈值: 10.0%)
[2026-03-26 05:55:02] [溢价告警] 嘉实原油LOF(160723) 溢价率: 42.64% (阈值: 10.0%)
[2026-03-26 05:56:32] [溢价告警] 石油基金LOF(160416) 溢价率: 22.53% (阈值: 10.0%)
[2026-03-26 06:01:03] [溢价告警] 南方原油LOF(501018) 溢价率: 41.06% (阈值: 10.0%)
[2026-03-27 03:32:05] [溢价告警] 石油LOF(162719) 溢价率: 16.96% (阈值: 10.0%)
[2026-03-27 03:33:52] [溢价告警] 国投白银LOF(161226) 溢价率: 30.17% (阈值: 10.0%)
[2026-03-27 03:34:15] [溢价告警] 原油LOF易方达(161129) 溢价率: 42.59% (阈值: 10.0%)
[2026-03-27 03:35:51] [溢价告警] 嘉实原油LOF(160723) 溢价率: 38.78% (阈值: 10.0%)
[2026-03-27 03:37:18] [溢价告警] 石油基金LOF(160416) 溢价率: 29.14% (阈值: 10.0%)
[2026-03-27 03:41:43] [溢价告警] 南方原油LOF(501018) 溢价率: 40.83% (阈值: 10.0%)
[2026-03-27 05:51:36] [溢价告警] 石油LOF(162719) 溢价率: 14.96% (阈值: 10.0%)
[2026-03-27 05:53:00] [溢价告警] 国投白银LOF(161226) 溢价率: 34.67% (阈值: 10.0%)
[2026-03-27 05:53:16] [溢价告警] 原油LOF易方达(161129) 溢价率: 41.91% (阈值: 10.0%)
[2026-03-27 05:54:28] [溢价告警] 嘉实原油LOF(160723) 溢价率: 37.29% (阈值: 10.0%)
[2026-03-27 05:55:39] [溢价告警] 石油基金LOF(160416) 溢价率: 26.69% (阈值: 10.0%)
[2026-03-27 05:59:16] [溢价告警] 南方原油LOF(501018) 溢价率: 41.72% (阈值: 10.0%)
[2026-03-28 03:19:09] [溢价告警] 石油LOF(162719) 溢价率: 17.16% (阈值: 10.0%)
[2026-03-28 03:21:05] [溢价告警] 国投白银LOF(161226) 溢价率: 37.99% (阈值: 10.0%)
[2026-03-28 03:21:28] [溢价告警] 原油LOF易方达(161129) 溢价率: 35.18% (阈值: 10.0%)
[2026-03-28 03:23:21] [溢价告警] 嘉实原油LOF(160723) 溢价率: 31.21% (阈值: 10.0%)
[2026-03-28 03:24:44] [溢价告警] 石油基金LOF(160416) 溢价率: 26.45% (阈值: 10.0%)
[2026-03-28 03:29:44] [溢价告警] 南方原油LOF(501018) 溢价率: 35.45% (阈值: 10.0%)
[2026-03-28 05:38:09] [溢价告警] 石油LOF(162719) 溢价率: 17.16% (阈值: 10.0%)
[2026-03-28 05:40:27] [溢价告警] 国投白银LOF(161226) 溢价率: 37.99% (阈值: 10.0%)
[2026-03-28 05:40:52] [溢价告警] 原油LOF易方达(161129) 溢价率: 35.18% (阈值: 10.0%)
[2026-03-28 05:42:29] [溢价告警] 嘉实原油LOF(160723) 溢价率: 31.21% (阈值: 10.0%)
[2026-03-28 05:44:25] [溢价告警] 石油基金LOF(160416) 溢价率: 26.45% (阈值: 10.0%)
[2026-03-28 05:48:45] [溢价告警] 南方原油LOF(501018) 溢价率: 35.45% (阈值: 10.0%)
[2026-03-29 03:38:16] [溢价告警] 石油LOF(162719) 溢价率: 17.16% (阈值: 10.0%)
[2026-03-29 03:40:14] [溢价告警] 国投白银LOF(161226) 溢价率: 37.99% (阈值: 10.0%)
[2026-03-29 03:40:36] [溢价告警] 原油LOF易方达(161129) 溢价率: 35.18% (阈值: 10.0%)
[2026-03-29 03:42:14] [溢价告警] 嘉实原油LOF(160723) 溢价率: 31.21% (阈值: 10.0%)
[2026-03-29 03:43:48] [溢价告警] 石油基金LOF(160416) 溢价率: 26.45% (阈值: 10.0%)
[2026-03-29 03:48:57] [溢价告警] 南方原油LOF(501018) 溢价率: 35.45% (阈值: 10.0%)
[2026-03-29 05:53:24] [溢价告警] 石油LOF(162719) 溢价率: 17.16% (阈值: 10.0%)
[2026-03-29 05:54:59] [溢价告警] 国投白银LOF(161226) 溢价率: 37.99% (阈值: 10.0%)
[2026-03-29 05:55:16] [溢价告警] 原油LOF易方达(161129) 溢价率: 35.18% (阈值: 10.0%)
[2026-03-29 05:56:36] [溢价告警] 嘉实原油LOF(160723) 溢价率: 31.21% (阈值: 10.0%)
[2026-03-29 05:57:54] [溢价告警] 石油基金LOF(160416) 溢价率: 26.45% (阈值: 10.0%)
[2026-03-29 06:02:01] [溢价告警] 南方原油LOF(501018) 溢价率: 35.45% (阈值: 10.0%)
[2026-03-30 03:44:34] [溢价告警] 石油LOF(162719) 溢价率: 24.29% (阈值: 10.0%)
[2026-03-30 03:44:41] [溢价告警] 华宝油气LOF(162411) 溢价率: 10.15% (阈值: 10.0%)
[2026-03-30 03:45:08] [溢价告警] 国投白银LOF(161226) 溢价率: 40.15% (阈值: 10.0%)
[2026-03-30 03:45:14] [溢价告警] 原油LOF易方达(161129) 溢价率: 38.58% (阈值: 10.0%)
[2026-03-30 03:46:47] [溢价告警] 嘉实原油LOF(160723) 溢价率: 33.68% (阈值: 10.0%)
[2026-03-30 03:48:14] [溢价告警] 石油基金LOF(160416) 溢价率: 31.79% (阈值: 10.0%)
[2026-03-30 03:53:05] [溢价告警] 南方原油LOF(501018) 溢价率: 38.65% (阈值: 10.0%)
[2026-03-30 06:09:49] [溢价告警] 石油LOF(162719) 溢价率: 25.43% (阈值: 10.0%)
[2026-03-30 06:10:10] [溢价告警] 华宝油气LOF(162411) 溢价率: 12.87% (阈值: 10.0%)
[2026-03-30 06:11:38] [溢价告警] 国投白银LOF(161226) 溢价率: 39.99% (阈值: 10.0%)
[2026-03-30 06:11:56] [溢价告警] 原油LOF易方达(161129) 溢价率: 37.39% (阈值: 10.0%)
[2026-03-30 06:13:29] [溢价告警] 嘉实原油LOF(160723) 溢价率: 32.84% (阈值: 10.0%)
[2026-03-30 06:14:57] [溢价告警] 石油基金LOF(160416) 溢价率: 32.23% (阈值: 10.0%)
[2026-03-30 06:19:41] [溢价告警] 南方原油LOF(501018) 溢价率: 37.90% (阈值: 10.0%)
[2026-03-31 03:32:03] [溢价告警] 石油LOF(162719) 溢价率: 29.42% (阈值: 10.0%)
[2026-03-31 03:32:25] [溢价告警] 华宝油气LOF(162411) 溢价率: 14.06% (阈值: 10.0%)
[2026-03-31 03:33:01] [溢价告警] 抗通胀LOF(161815) 溢价率: 13.08% (阈值: 10.0%)
[2026-03-31 03:33:55] [溢价告警] 国投白银LOF(161226) 溢价率: 38.26% (阈值: 10.0%)
[2026-03-31 03:34:17] [溢价告警] 原油LOF易方达(161129) 溢价率: 30.23% (阈值: 10.0%)
[2026-03-31 03:35:52] [溢价告警] 嘉实原油LOF(160723) 溢价率: 26.01% (阈值: 10.0%)
[2026-03-31 03:37:25] [溢价告警] 石油基金LOF(160416) 溢价率: 30.98% (阈值: 10.0%)
[2026-03-31 03:41:43] [溢价告警] 南方原油LOF(501018) 溢价率: 30.30% (阈值: 10.0%)
[2026-03-31 05:54:50] [溢价告警] 石油LOF(162719) 溢价率: 36.53% (阈值: 10.0%)
[2026-03-31 05:55:09] [溢价告警] 华宝油气LOF(162411) 溢价率: 18.03% (阈值: 10.0%)
[2026-03-31 05:55:41] [溢价告警] 抗通胀LOF(161815) 溢价率: 10.51% (阈值: 10.0%)
[2026-03-31 05:56:24] [溢价告警] 国投白银LOF(161226) 溢价率: 39.07% (阈值: 10.0%)
[2026-03-31 05:56:40] [溢价告警] 原油LOF易方达(161129) 溢价率: 30.52% (阈值: 10.0%)
[2026-03-31 05:57:54] [溢价告警] 嘉实原油LOF(160723) 溢价率: 26.49% (阈值: 10.0%)
[2026-03-31 05:59:06] [溢价告警] 石油基金LOF(160416) 溢价率: 32.94% (阈值: 10.0%)
[2026-03-31 06:02:57] [溢价告警] 南方原油LOF(501018) 溢价率: 30.58% (阈值: 10.0%)
[2026-04-01 03:47:51] [溢价告警] 石油LOF(162719) 溢价率: 27.96% (阈值: 10.0%)
[2026-04-01 03:48:14] [溢价告警] 抗通胀LOF(161815) 溢价率: 14.60% (阈值: 10.0%)
[2026-04-01 03:49:24] [溢价告警] 国投白银LOF(161226) 溢价率: 35.71% (阈值: 10.0%)
[2026-04-01 03:49:41] [溢价告警] 原油LOF易方达(161129) 溢价率: 18.54% (阈值: 10.0%)
[2026-04-01 03:51:24] [溢价告警] 嘉实原油LOF(160723) 溢价率: 17.11% (阈值: 10.0%)
[2026-04-01 03:51:42] [溢价告警] 高铁LOF(160639) 溢价率: 12.02% (阈值: 10.0%)
[2026-04-01 03:52:58] [溢价告警] 石油基金LOF(160416) 溢价率: 18.13% (阈值: 10.0%)
[2026-04-01 03:53:52] [溢价告警] 高铁基金LOF(160135) 溢价率: 13.29% (阈值: 10.0%)
[2026-04-01 03:54:59] [溢价告警] 全球芯片LOF(501225) 溢价率: 12.19% (阈值: 10.0%)
[2026-04-01 03:57:55] [溢价告警] 南方原油LOF(501018) 溢价率: 19.62% (阈值: 10.0%)
[2026-04-01 06:06:49] [溢价告警] 石油LOF(162719) 溢价率: 15.09% (阈值: 10.0%)
[2026-04-01 06:07:44] [溢价告警] 抗通胀LOF(161815) 溢价率: 16.47% (阈值: 10.0%)
[2026-04-01 06:08:31] [溢价告警] 国投白银LOF(161226) 溢价率: 38.16% (阈值: 10.0%)
[2026-04-01 06:08:49] [溢价告警] 原油LOF易方达(161129) 溢价率: 12.48% (阈值: 10.0%)
[2026-04-01 06:10:21] [溢价告警] 嘉实原油LOF(160723) 溢价率: 10.52% (阈值: 10.0%)
[2026-04-01 06:11:42] [溢价告警] 石油基金LOF(160416) 溢价率: 10.09% (阈值: 10.0%)
[2026-04-01 06:12:24] [溢价告警] 高铁基金LOF(160135) 溢价率: 13.10% (阈值: 10.0%)
[2026-04-01 06:13:27] [溢价告警] 全球芯片LOF(501225) 溢价率: 12.34% (阈值: 10.0%)
[2026-04-01 06:15:50] [溢价告警] 南方原油LOF(501018) 溢价率: 13.60% (阈值: 10.0%)
[2026-04-02 03:29:10] [溢价告警] 石油LOF(162719) 溢价率: 21.16% (阈值: 10.0%)
[2026-04-02 03:30:23] [溢价告警] 抗通胀LOF(161815) 溢价率: 25.15% (阈值: 10.0%)
[2026-04-02 03:31:16] [溢价告警] 国投白银LOF(161226) 溢价率: 33.63% (阈值: 10.0%)
[2026-04-02 03:31:40] [溢价告警] 原油LOF易方达(161129) 溢价率: 20.89% (阈值: 10.0%)
[2026-04-02 03:33:18] [溢价告警] 嘉实原油LOF(160723) 溢价率: 19.88% (阈值: 10.0%)
[2026-04-02 03:34:53] [溢价告警] 石油基金LOF(160416) 溢价率: 15.76% (阈值: 10.0%)
[2026-04-02 03:39:46] [溢价告警] 南方原油LOF(501018) 溢价率: 22.19% (阈值: 10.0%)
[2026-04-03 03:31:27] [溢价告警] 全球油气能源LOF(163208) 溢价率: 11.37% (阈值: 10.0%)
[2026-04-03 03:31:36] [溢价告警] 石油LOF(162719) 溢价率: 32.39% (阈值: 10.0%)
[2026-04-03 03:31:45] [溢价告警] 华宝油气LOF(162411) 溢价率: 10.16% (阈值: 10.0%)
[2026-04-03 03:32:22] [溢价告警] 抗通胀LOF(161815) 溢价率: 10.17% (阈值: 10.0%)
[2026-04-03 03:33:17] [溢价告警] 国投白银LOF(161226) 溢价率: 32.58% (阈值: 10.0%)
[2026-04-03 03:33:42] [溢价告警] 原油LOF易方达(161129) 溢价率: 37.81% (阈值: 10.0%)
[2026-04-03 03:35:24] [溢价告警] 嘉实原油LOF(160723) 溢价率: 35.80% (阈值: 10.0%)
[2026-04-03 03:36:54] [溢价告警] 石油基金LOF(160416) 溢价率: 28.82% (阈值: 10.0%)
[2026-04-03 03:41:51] [溢价告警] 南方原油LOF(501018) 溢价率: 39.16% (阈值: 10.0%)
[2026-04-03 05:51:47] [溢价告警] 石油LOF(162719) 溢价率: 27.96% (阈值: 10.0%)
[2026-04-03 05:53:19] [溢价告警] 国投白银LOF(161226) 溢价率: 32.91% (阈值: 10.0%)
[2026-04-03 05:53:36] [溢价告警] 原油LOF易方达(161129) 溢价率: 34.44% (阈值: 10.0%)
[2026-04-03 05:54:59] [溢价告警] 嘉实原油LOF(160723) 溢价率: 32.01% (阈值: 10.0%)
[2026-04-03 05:56:15] [溢价告警] 石油基金LOF(160416) 溢价率: 23.65% (阈值: 10.0%)
[2026-04-03 06:00:14] [溢价告警] 南方原油LOF(501018) 溢价率: 36.39% (阈值: 10.0%)
[2026-04-04 03:18:25] [溢价告警] 石油LOF(162719) 溢价率: 23.46% (阈值: 10.0%)
[2026-04-04 03:20:25] [溢价告警] 国投白银LOF(161226) 溢价率: 36.64% (阈值: 10.0%)
[2026-04-04 03:20:50] [溢价告警] 原油LOF易方达(161129) 溢价率: 29.40% (阈值: 10.0%)
[2026-04-04 03:22:45] [溢价告警] 嘉实原油LOF(160723) 溢价率: 27.85% (阈值: 10.0%)
[2026-04-04 03:24:13] [溢价告警] 石油基金LOF(160416) 溢价率: 24.64% (阈值: 10.0%)
[2026-04-04 03:29:12] [溢价告警] 南方原油LOF(501018) 溢价率: 30.99% (阈值: 10.0%)
[2026-04-04 05:38:50] [溢价告警] 石油LOF(162719) 溢价率: 23.46% (阈值: 10.0%)
[2026-04-04 05:41:09] [溢价告警] 国投白银LOF(161226) 溢价率: 36.64% (阈值: 10.0%)
[2026-04-04 05:41:21] [溢价告警] 原油LOF易方达(161129) 溢价率: 29.40% (阈值: 10.0%)
[2026-04-04 05:43:09] [溢价告警] 嘉实原油LOF(160723) 溢价率: 27.85% (阈值: 10.0%)
[2026-04-04 05:44:46] [溢价告警] 石油基金LOF(160416) 溢价率: 24.64% (阈值: 10.0%)
[2026-04-04 05:50:14] [溢价告警] 南方原油LOF(501018) 溢价率: 30.99% (阈值: 10.0%)
[2026-04-05 03:40:04] [溢价告警] 石油LOF(162719) 溢价率: 23.46% (阈值: 10.0%)
[2026-04-05 03:42:08] [溢价告警] 国投白银LOF(161226) 溢价率: 36.64% (阈值: 10.0%)
[2026-04-05 03:42:29] [溢价告警] 原油LOF易方达(161129) 溢价率: 29.40% (阈值: 10.0%)
[2026-04-05 03:44:19] [溢价告警] 嘉实原油LOF(160723) 溢价率: 27.85% (阈值: 10.0%)
[2026-04-05 03:45:49] [溢价告警] 石油基金LOF(160416) 溢价率: 24.64% (阈值: 10.0%)
[2026-04-05 03:50:42] [溢价告警] 南方原油LOF(501018) 溢价率: 30.99% (阈值: 10.0%)
[2026-04-05 05:55:26] [溢价告警] 石油LOF(162719) 溢价率: 23.46% (阈值: 10.0%)
[2026-04-05 05:57:06] [溢价告警] 国投白银LOF(161226) 溢价率: 36.64% (阈值: 10.0%)
[2026-04-05 05:57:31] [溢价告警] 原油LOF易方达(161129) 溢价率: 29.40% (阈值: 10.0%)
[2026-04-05 05:58:57] [溢价告警] 嘉实原油LOF(160723) 溢价率: 27.85% (阈值: 10.0%)
[2026-04-05 06:00:20] [溢价告警] 石油基金LOF(160416) 溢价率: 24.64% (阈值: 10.0%)
[2026-04-05 06:04:58] [溢价告警] 南方原油LOF(501018) 溢价率: 30.99% (阈值: 10.0%)
[2026-04-06 03:42:55] [溢价告警] 石油LOF(162719) 溢价率: 23.46% (阈值: 10.0%)
[2026-04-06 03:44:47] [溢价告警] 国投白银LOF(161226) 溢价率: 36.64% (阈值: 10.0%)
[2026-04-06 03:45:10] [溢价告警] 原油LOF易方达(161129) 溢价率: 29.40% (阈值: 10.0%)
[2026-04-06 03:46:53] [溢价告警] 嘉实原油LOF(160723) 溢价率: 27.85% (阈值: 10.0%)
[2026-04-06 03:48:23] [溢价告警] 石油基金LOF(160416) 溢价率: 24.64% (阈值: 10.0%)
[2026-04-06 03:53:20] [溢价告警] 南方原油LOF(501018) 溢价率: 30.99% (阈值: 10.0%)
[2026-04-06 06:10:54] [溢价告警] 石油LOF(162719) 溢价率: 23.46% (阈值: 10.0%)
[2026-04-06 06:12:46] [溢价告警] 国投白银LOF(161226) 溢价率: 36.64% (阈值: 10.0%)
[2026-04-06 06:13:09] [溢价告警] 原油LOF易方达(161129) 溢价率: 29.40% (阈值: 10.0%)
[2026-04-06 06:14:59] [溢价告警] 嘉实原油LOF(160723) 溢价率: 27.85% (阈值: 10.0%)
[2026-04-06 06:16:36] [溢价告警] 石油基金LOF(160416) 溢价率: 24.64% (阈值: 10.0%)
[2026-04-06 06:21:37] [溢价告警] 南方原油LOF(501018) 溢价率: 30.99% (阈值: 10.0%)
[2026-04-07 03:32:56] [溢价告警] 石油LOF(162719) 溢价率: 25.43% (阈值: 10.0%)
[2026-04-07 03:34:39] [溢价告警] 国投白银LOF(161226) 溢价率: 36.54% (阈值: 10.0%)
[2026-04-07 03:35:03] [溢价告警] 原油LOF易方达(161129) 溢价率: 35.25% (阈值: 10.0%)
[2026-04-07 03:36:35] [溢价告警] 嘉实原油LOF(160723) 溢价率: 32.37% (阈值: 10.0%)
[2026-04-07 03:37:59] [溢价告警] 石油基金LOF(160416) 溢价率: 27.89% (阈值: 10.0%)
[2026-04-07 03:42:31] [溢价告警] 南方原油LOF(501018) 溢价率: 36.79% (阈值: 10.0%)
[2026-04-07 05:57:21] [溢价告警] 石油LOF(162719) 溢价率: 23.92% (阈值: 10.0%)
[2026-04-07 05:58:47] [溢价告警] 国投白银LOF(161226) 溢价率: 36.44% (阈值: 10.0%)
[2026-04-07 05:59:03] [溢价告警] 原油LOF易方达(161129) 溢价率: 36.59% (阈值: 10.0%)
[2026-04-07 06:00:21] [溢价告警] 嘉实原油LOF(160723) 溢价率: 32.37% (阈值: 10.0%)
[2026-04-07 06:01:29] [溢价告警] 石油基金LOF(160416) 溢价率: 27.02% (阈值: 10.0%)
[2026-04-07 06:05:11] [溢价告警] 南方原油LOF(501018) 溢价率: 36.73% (阈值: 10.0%)
[2026-04-08 03:35:03] [溢价告警] 石油LOF(162719) 溢价率: 10.33% (阈值: 10.0%)
[2026-04-08 03:36:53] [溢价告警] 国投白银LOF(161226) 溢价率: 44.47% (阈值: 10.0%)
[2026-04-08 03:37:11] [溢价告警] 原油LOF易方达(161129) 溢价率: 27.05% (阈值: 10.0%)
[2026-04-08 03:38:44] [溢价告警] 嘉实原油LOF(160723) 溢价率: 22.27% (阈值: 10.0%)
[2026-04-08 03:40:15] [溢价告警] 石油基金LOF(160416) 溢价率: 14.23% (阈值: 10.0%)
[2026-04-08 03:42:13] [溢价告警] 全球芯片LOF(501225) 溢价率: 12.09% (阈值: 10.0%)
[2026-04-08 03:45:07] [溢价告警] 南方原油LOF(501018) 溢价率: 27.44% (阈值: 10.0%)
[2026-04-08 05:59:13] [溢价告警] 石油LOF(162719) 溢价率: 10.33% (阈值: 10.0%)
[2026-04-08 06:01:16] [溢价告警] 国投白银LOF(161226) 溢价率: 47.97% (阈值: 10.0%)
[2026-04-08 06:01:38] [溢价告警] 原油LOF易方达(161129) 溢价率: 27.05% (阈值: 10.0%)
[2026-04-08 06:03:21] [溢价告警] 嘉实原油LOF(160723) 溢价率: 22.27% (阈值: 10.0%)
[2026-04-08 06:04:58] [溢价告警] 石油基金LOF(160416) 溢价率: 14.23% (阈值: 10.0%)
[2026-04-08 06:07:02] [溢价告警] 全球芯片LOF(501225) 溢价率: 12.85% (阈值: 10.0%)
[2026-04-08 06:09:44] [溢价告警] 南方原油LOF(501018) 溢价率: 27.44% (阈值: 10.0%)
[2026-04-09 03:30:40] [溢价告警] 石油LOF(162719) 溢价率: 11.37% (阈值: 10.0%)
[2026-04-09 03:32:23] [溢价告警] 国投白银LOF(161226) 溢价率: 40.04% (阈值: 10.0%)
[2026-04-09 03:32:44] [溢价告警] 原油LOF易方达(161129) 溢价率: 32.51% (阈值: 10.0%)
[2026-04-09 03:34:13] [溢价告警] 嘉实原油LOF(160723) 溢价率: 22.98% (阈值: 10.0%)
[2026-04-09 03:35:33] [溢价告警] 石油基金LOF(160416) 溢价率: 16.86% (阈值: 10.0%)
[2026-04-09 03:37:25] [溢价告警] 全球芯片LOF(501225) 溢价率: 13.27% (阈值: 10.0%)
[2026-04-09 03:39:55] [溢价告警] 南方原油LOF(501018) 溢价率: 30.61% (阈值: 10.0%)
[2026-04-09 06:00:14] [溢价告警] 石油LOF(162719) 溢价率: 11.61% (阈值: 10.0%)
[2026-04-09 06:02:00] [溢价告警] 国投白银LOF(161226) 溢价率: 39.89% (阈值: 10.0%)
[2026-04-09 06:02:15] [溢价告警] 原油LOF易方达(161129) 溢价率: 33.60% (阈值: 10.0%)
[2026-04-09 06:03:35] [溢价告警] 嘉实原油LOF(160723) 溢价率: 25.22% (阈值: 10.0%)
[2026-04-09 06:04:50] [溢价告警] 石油基金LOF(160416) 溢价率: 16.90% (阈值: 10.0%)
[2026-04-09 06:06:36] [溢价告警] 全球芯片LOF(501225) 溢价率: 12.80% (阈值: 10.0%)
[2026-04-09 06:09:06] [溢价告警] 南方原油LOF(501018) 溢价率: 32.44% (阈值: 10.0%)
[2026-04-10 03:44:40] [溢价告警] 国投白银LOF(161226) 溢价率: 37.23% (阈值: 10.0%)
[2026-04-10 03:45:00] [溢价告警] 原油LOF易方达(161129) 溢价率: 39.08% (阈值: 10.0%)
[2026-04-10 03:46:36] [溢价告警] 嘉实原油LOF(160723) 溢价率: 26.14% (阈值: 10.0%)
[2026-04-10 03:48:01] [溢价告警] 石油基金LOF(160416) 溢价率: 15.71% (阈值: 10.0%)
[2026-04-10 03:50:08] [溢价告警] 全球芯片LOF(501225) 溢价率: 10.99% (阈值: 10.0%)
[2026-04-10 03:52:50] [溢价告警] 南方原油LOF(501018) 溢价率: 36.06% (阈值: 10.0%)
[2026-04-10 06:10:41] [溢价告警] 国投白银LOF(161226) 溢价率: 37.37% (阈值: 10.0%)
[2026-04-10 06:10:55] [溢价告警] 原油LOF易方达(161129) 溢价率: 38.83% (阈值: 10.0%)
[2026-04-10 06:12:08] [溢价告警] 嘉实原油LOF(160723) 溢价率: 25.32% (阈值: 10.0%)
[2026-04-10 06:13:19] [溢价告警] 石油基金LOF(160416) 溢价率: 14.54% (阈值: 10.0%)
[2026-04-10 06:14:47] [溢价告警] 全球芯片LOF(501225) 溢价率: 11.30% (阈值: 10.0%)
[2026-04-10 06:16:56] [溢价告警] 南方原油LOF(501018) 溢价率: 34.28% (阈值: 10.0%)
[2026-04-11 03:23:57] [溢价告警] 国投白银LOF(161226) 溢价率: 36.34% (阈值: 10.0%)
[2026-04-11 03:24:21] [溢价告警] 原油LOF易方达(161129) 溢价率: 35.70% (阈值: 10.0%)
[2026-04-11 03:26:05] [溢价告警] 嘉实原油LOF(160723) 溢价率: 22.04% (阈值: 10.0%)
[2026-04-11 03:27:36] [溢价告警] 石油基金LOF(160416) 溢价率: 16.10% (阈值: 10.0%)
[2026-04-11 03:32:39] [溢价告警] 南方原油LOF(501018) 溢价率: 30.12% (阈值: 10.0%)
[2026-04-11 05:43:45] [溢价告警] 国投白银LOF(161226) 溢价率: 36.34% (阈值: 10.0%)
[2026-04-11 05:44:06] [溢价告警] 原油LOF易方达(161129) 溢价率: 35.70% (阈值: 10.0%)
[2026-04-11 05:45:30] [溢价告警] 嘉实原油LOF(160723) 溢价率: 22.04% (阈值: 10.0%)
[2026-04-11 05:46:37] [溢价告警] 石油基金LOF(160416) 溢价率: 16.10% (阈值: 10.0%)
[2026-04-11 05:50:59] [溢价告警] 南方原油LOF(501018) 溢价率: 30.12% (阈值: 10.0%)
[2026-04-12 03:53:30] [溢价告警] 国投白银LOF(161226) 溢价率: 36.34% (阈值: 10.0%)
[2026-04-12 03:54:02] [溢价告警] 原油LOF易方达(161129) 溢价率: 35.70% (阈值: 10.0%)
[2026-04-12 03:55:58] [溢价告警] 嘉实原油LOF(160723) 溢价率: 22.04% (阈值: 10.0%)
[2026-04-12 03:57:46] [溢价告警] 石油基金LOF(160416) 溢价率: 16.10% (阈值: 10.0%)
[2026-04-12 04:03:18] [溢价告警] 南方原油LOF(501018) 溢价率: 30.12% (阈值: 10.0%)
